---------------------------------------
Begin Slurm Prolog: Nov-17-2025 20:23:53
Job ID:    3593028
User ID:   cchakraborty3
Account:   coc
Job name:  reorder-stories
Partition: coc-cpu
QOS:       coc-ice
---------------------------------------
Job started on atl1-1-01-005-1-2.pace.gatech.edu at Mon Nov 17 20:23:53 EST 2025
Processed 1 rows...
Processed 50 rows...
Processed 100 rows...
Processed 150 rows...
Processed 200 rows...
Processed 250 rows...
Processed 300 rows...
Processed 350 rows...
Processed 400 rows...
Processed 450 rows...
Processed 500 rows...
Processed 550 rows...
Processed 600 rows...
Processed 650 rows...
Processed 700 rows...
Processed 750 rows...
Processed 800 rows...
Processed 850 rows...
Processed 900 rows...
Processed 950 rows...
Processed 1000 rows...
Processed 1050 rows...
Processed 1100 rows...
Processed 1150 rows...
Processed 1200 rows...
Processed 1250 rows...
Processed 1300 rows...
Processed 1350 rows...
---------------------------------------
Begin Slurm Epilog: Nov-18-2025 00:24:01
Job ID:        3593028
User ID:       cchakraborty3
Account:       coc
Job name:      reorder-stories
Resources:     cpu=1,mem=20G,node=1
Rsrc Used:     cput=04:00:06,vmem=0,walltime=04:00:06,mem=86544K,energy_used=0
Partition:     coc-cpu
QOS:           coc-ice
Nodes:         atl1-1-01-005-1-2
---------------------------------------
